[debug] [2025-06-21T09:23:31.033Z] ----------------------------------------------------------------------
[debug] [2025-06-21T09:23:31.045Z] Command:       C:\Program Files\nodejs\node.exe C:\Users\mahes\AppData\Roaming\npm\node_modules\firebase-tools\lib\bin\firebase.js init
[debug] [2025-06-21T09:23:31.045Z] CLI Version:   14.8.0
[debug] [2025-06-21T09:23:31.045Z] Platform:      win32
[debug] [2025-06-21T09:23:31.045Z] Node Version:  v22.15.0
[debug] [2025-06-21T09:23:31.046Z] Time:          Sat Jun 21 2025 14:53:31 GMT+0530 (India Standard Time)
[debug] [2025-06-21T09:23:31.046Z] ----------------------------------------------------------------------
[debug] 
[debug] [2025-06-21T09:23:31.052Z] > command requires scopes: ["email","openid","https://www.googleapis.com/auth/cloudplatformprojects.readonly","https://www.googleapis.com/auth/firebase","https://www.googleapis.com/auth/cloud-platform"]
[debug] [2025-06-21T09:23:31.053Z] > authorizing via signed-in user (mahi1reward@gmail.com)
[info] 
     ######## #### ########  ######## ########     ###     ######  ########
     ##        ##  ##     ## ##       ##     ##  ##   ##  ##       ##
     ######    ##  ########  ######   ########  #########  ######  ######
     ##        ##  ##    ##  ##       ##     ## ##     ##       ## ##
     ##       #### ##     ## ######## ########  ##     ##  ######  ########

You're about to initialize a Firebase project in this directory:

  C:\Users\mahes\jrntr-quiz

[info] 
=== Project Setup
[info] 
[info] First, let's associate this project directory with a Firebase project.
[info] You can create multiple project aliases by running firebase use --add, 
[info] but for now we'll just set up a default project.
[info] 
[debug] [2025-06-21T09:24:47.024Z] Checked if tokens are valid: true, expires at: 1750501355489
[debug] [2025-06-21T09:24:47.025Z] Checked if tokens are valid: true, expires at: 1750501355489
[debug] [2025-06-21T09:24:47.026Z] >>> [apiv2][query] GET https://firebase.googleapis.com/v1beta1/projects pageSize=100
[debug] [2025-06-21T09:24:48.062Z] <<< [apiv2][status] GET https://firebase.googleapis.com/v1beta1/projects 200
[debug] [2025-06-21T09:24:48.062Z] <<< [apiv2][body] GET https://firebase.googleapis.com/v1beta1/projects [omitted]
[info] i  Using project jntrquiz (jntrquiz) 
[info] 
=== Hosting Setup
[debug] [2025-06-21T09:25:28.980Z] Checked if tokens are valid: true, expires at: 1750501355489
[debug] [2025-06-21T09:25:28.981Z] Checked if tokens are valid: true, expires at: 1750501355489
[debug] [2025-06-21T09:25:28.981Z] >>> [apiv2][query] GET https://firebase.googleapis.com/v1beta1/projects/jntrquiz [none]
[debug] [2025-06-21T09:25:29.446Z] <<< [apiv2][status] GET https://firebase.googleapis.com/v1beta1/projects/jntrquiz 200
[debug] [2025-06-21T09:25:29.447Z] <<< [apiv2][body] GET https://firebase.googleapis.com/v1beta1/projects/jntrquiz {"projectId":"jntrquiz","projectNumber":"729865093622","displayName":"jntrquiz","name":"projects/jntrquiz","resources":{"hostingSite":"jntrquiz"},"state":"ACTIVE","etag":"1_899dfe3e-3570-47d5-bd34-e3a9f5676ae6"}
[info] 
[info] Your public directory is the folder (relative to your project directory) that
[info] will contain Hosting assets to be uploaded with firebase deploy. If you
[info] have a build process for your assets, use your build's output directory.
[info] 
[debug] [2025-06-21T09:27:30.155Z] >>> [apiv2][query] GET https://www.gstatic.com/firebasejs/releases.json [none]
[debug] [2025-06-21T09:27:30.362Z] <<< [apiv2][status] GET https://www.gstatic.com/firebasejs/releases.json 200
[debug] [2025-06-21T09:27:30.362Z] <<< [apiv2][body] GET https://www.gstatic.com/firebasejs/releases.json {"current":{"version":"11.9.1","browserURL":"https://www.gstatic.com/firebasejs/11.9.1/firebase.js","packageURL":"https://www.gstatic.com/firebasejs/11.9.1/firebase.tgz"},"live":{"version":"11.9","browserURL":"https://www.gstatic.com/firebasejs/live/11.9/firebase.js","packageURL":"https://www.gstatic.com/firebasejs/live/11.9/firebase.tgz"},"components":{"ai":"https://www.gstatic.com/firebasejs/11.9.1/firebase-ai.js","analytics":"https://www.gstatic.com/firebasejs/11.9.1/firebase-analytics.js","app":"https://www.gstatic.com/firebasejs/11.9.1/firebase-app.js","app-check":"https://www.gstatic.com/firebasejs/11.9.1/firebase-app-check.js","auth":"https://www.gstatic.com/firebasejs/11.9.1/firebase-auth.js","auth/cordova":"https://www.gstatic.com/firebasejs/11.9.1/firebase-auth/cordova.js","auth/web-extension":"https://www.gstatic.com/firebasejs/11.9.1/firebase-auth/web-extension.js","functions":"https://www.gstatic.com/firebasejs/11.9.1/firebase-functions.js","firestore":"https://www.gstatic.com/firebasejs/11.9.1/firebase-firestore.js","firestore/lite":"https://www.gstatic.com/firebasejs/11.9.1/firebase-firestore/lite.js","installations":"https://www.gstatic.com/firebasejs/11.9.1/firebase-installations.js","storage":"https://www.gstatic.com/firebasejs/11.9.1/firebase-storage.js","performance":"https://www.gstatic.com/firebasejs/11.9.1/firebase-performance.js","remote-config":"https://www.gstatic.com/firebasejs/11.9.1/firebase-remote-config.js","messaging":"https://www.gstatic.com/firebasejs/11.9.1/firebase-messaging.js","messaging/sw":"https://www.gstatic.com/firebasejs/11.9.1/firebase-messaging/sw.js","database":"https://www.gstatic.com/firebasejs/11.9.1/firebase-database.js","vertexai":"https://www.gstatic.com/firebasejs/11.9.1/firebase-vertexai.js","data-connect":"https://www.gstatic.com/firebasejs/11.9.1/firebase-data-connect.js","firestore.memory":"https://www.gstatic.com/firebasejs/11.9.1/firebase-firestore.memory.js"}}
